[debug] [2024-12-11T09:42:36.410Z] ----------------------------------------------------------------------
[debug] [2024-12-11T09:42:36.419Z] Command:       /Users/tiffanyyan/.nvm/versions/node/v23.3.0/bin/node /Users/tiffanyyan/.nvm/versions/node/v23.3.0/bin/firebase init
[debug] [2024-12-11T09:42:36.419Z] CLI Version:   13.28.0
[debug] [2024-12-11T09:42:36.420Z] Platform:      darwin
[debug] [2024-12-11T09:42:36.420Z] Node Version:  v23.3.0
[debug] [2024-12-11T09:42:36.420Z] Time:          Wed Dec 11 2024 01:42:36 GMT-0800 (Pacific Standard Time)
[debug] [2024-12-11T09:42:36.420Z] ----------------------------------------------------------------------
[debug] 
[debug] [2024-12-11T09:42:36.473Z] > command requires scopes: ["email","openid","https://www.googleapis.com/auth/cloudplatformprojects.readonly","https://www.googleapis.com/auth/firebase","https://www.googleapis.com/auth/cloud-platform"]
[debug] [2024-12-11T09:42:36.474Z] > authorizing via signed-in user (tiffyan@uw.edu)
[info] 
     ######## #### ########  ######## ########     ###     ######  ########
     ##        ##  ##     ## ##       ##     ##  ##   ##  ##       ##
     ######    ##  ########  ######   ########  #########  ######  ######
     ##        ##  ##    ##  ##       ##     ## ##     ##       ## ##
     ##       #### ##     ## ######## ########  ##     ##  ######  ########

You're about to initialize a Firebase project in this directory:

  /Users/tiffanyyan/Library/CloudStorage/GoogleDrive-tiffyan@uw.edu/My Drive/AUT24 - HCDE 438 Web Dev/438-final-project/campus-connect

Before we get started, keep in mind:

  * You are initializing within an existing Firebase project directory

[info] 
=== Project Setup
[info] 
[info] First, let's associate this project directory with a Firebase project.
[info] You can create multiple project aliases by running firebase use --add, 
[info] but for now we'll just set up a default project.
[info] 
[debug] [2024-12-11T09:42:47.706Z] Using project from CLI flag: campus-connect-438
[debug] [2024-12-11T09:42:47.707Z] Checked if tokens are valid: true, expires at: 1733913527861
[debug] [2024-12-11T09:42:47.707Z] Checked if tokens are valid: true, expires at: 1733913527861
[debug] [2024-12-11T09:42:47.708Z] >>> [apiv2][query] GET https://firebase.googleapis.com/v1beta1/projects/campus-connect-438 [none]
[debug] [2024-12-11T09:42:48.055Z] <<< [apiv2][status] GET https://firebase.googleapis.com/v1beta1/projects/campus-connect-438 200
[debug] [2024-12-11T09:42:48.055Z] <<< [apiv2][body] GET https://firebase.googleapis.com/v1beta1/projects/campus-connect-438 {"projectId":"campus-connect-438","projectNumber":"389016274073","displayName":"Campus Connect","name":"projects/campus-connect-438","resources":{"hostingSite":"campus-connect-438"},"state":"ACTIVE","etag":"1_ec8c25a8-c30b-4244-8664-5ce6596d774f"}
[info] i  Using project campus-connect-438 (Campus Connect) 
[info] 
=== Hosting Setup
[debug] [2024-12-11T09:42:48.073Z] Checked if tokens are valid: true, expires at: 1733913527861
[debug] [2024-12-11T09:42:48.073Z] Checked if tokens are valid: true, expires at: 1733913527861
[debug] [2024-12-11T09:42:48.073Z] >>> [apiv2][query] GET https://firebase.googleapis.com/v1beta1/projects/campus-connect-438 [none]
[debug] [2024-12-11T09:42:48.206Z] <<< [apiv2][status] GET https://firebase.googleapis.com/v1beta1/projects/campus-connect-438 200
[debug] [2024-12-11T09:42:48.206Z] <<< [apiv2][body] GET https://firebase.googleapis.com/v1beta1/projects/campus-connect-438 {"projectId":"campus-connect-438","projectNumber":"389016274073","displayName":"Campus Connect","name":"projects/campus-connect-438","resources":{"hostingSite":"campus-connect-438"},"state":"ACTIVE","etag":"1_ec8c25a8-c30b-4244-8664-5ce6596d774f"}
[info] 
[info] Your public directory is the folder (relative to your project directory) that
[info] will contain Hosting assets to be uploaded with firebase deploy. If you
[info] have a build process for your assets, use your build's output directory.
[info] 
